{"/Users/tlamarche/repo-git/vite-app/src/App.tsx": {"path":"/Users/tlamarche/repo-git/vite-app/src/App.tsx","all":false,"statementMap":{"0":{"start":{"line":1,"column":0},"end":{"line":1,"column":43}},"1":{"start":{"line":2,"column":0},"end":{"line":2,"column":42}},"2":{"start":{"line":3,"column":0},"end":{"line":3,"column":32}},"3":{"start":{"line":4,"column":0},"end":{"line":4,"column":47}},"4":{"start":{"line":5,"column":0},"end":{"line":5,"column":43}},"5":{"start":{"line":6,"column":0},"end":{"line":6,"column":44}},"7":{"start":{"line":8,"column":0},"end":{"line":8,"column":16}},"22":{"start":{"line":23,"column":0},"end":{"line":23,"column":41}},"23":{"start":{"line":24,"column":0},"end":{"line":24,"column":57}},"25":{"start":{"line":26,"column":0},"end":{"line":26,"column":21}},"32":{"start":{"line":33,"column":0},"end":{"line":33,"column":65}},"33":{"start":{"line":34,"column":0},"end":{"line":34,"column":64}},"34":{"start":{"line":35,"column":0},"end":{"line":35,"column":29}},"35":{"start":{"line":36,"column":0},"end":{"line":36,"column":9}},"37":{"start":{"line":38,"column":0},"end":{"line":38,"column":51}},"38":{"start":{"line":39,"column":0},"end":{"line":39,"column":10}},"40":{"start":{"line":41,"column":0},"end":{"line":41,"column":12}},"41":{"start":{"line":42,"column":0},"end":{"line":42,"column":10}},"42":{"start":{"line":43,"column":0},"end":{"line":43,"column":17}},"43":{"start":{"line":44,"column":0},"end":{"line":44,"column":61}},"44":{"start":{"line":45,"column":0},"end":{"line":45,"column":75}},"45":{"start":{"line":46,"column":0},"end":{"line":46,"column":20}},"46":{"start":{"line":47,"column":0},"end":{"line":47,"column":60}},"47":{"start":{"line":48,"column":0},"end":{"line":48,"column":24}},"48":{"start":{"line":49,"column":0},"end":{"line":49,"column":39}},"49":{"start":{"line":50,"column":0},"end":{"line":50,"column":46}},"50":{"start":{"line":51,"column":0},"end":{"line":51,"column":40}},"51":{"start":{"line":52,"column":0},"end":{"line":52,"column":22}},"52":{"start":{"line":53,"column":0},"end":{"line":53,"column":20}},"53":{"start":{"line":54,"column":0},"end":{"line":54,"column":18}},"54":{"start":{"line":55,"column":0},"end":{"line":55,"column":54}},"55":{"start":{"line":56,"column":0},"end":{"line":56,"column":18}},"56":{"start":{"line":57,"column":0},"end":{"line":57,"column":80}},"57":{"start":{"line":58,"column":0},"end":{"line":58,"column":23}},"58":{"start":{"line":59,"column":0},"end":{"line":59,"column":39}},"59":{"start":{"line":60,"column":0},"end":{"line":60,"column":31}},"60":{"start":{"line":61,"column":0},"end":{"line":61,"column":66}},"61":{"start":{"line":62,"column":0},"end":{"line":62,"column":17}},"62":{"start":{"line":63,"column":0},"end":{"line":63,"column":36}},"63":{"start":{"line":64,"column":0},"end":{"line":64,"column":25}},"64":{"start":{"line":65,"column":0},"end":{"line":65,"column":19}},"65":{"start":{"line":66,"column":0},"end":{"line":66,"column":70}},"66":{"start":{"line":67,"column":0},"end":{"line":67,"column":20}},"67":{"start":{"line":68,"column":0},"end":{"line":68,"column":19}},"68":{"start":{"line":69,"column":0},"end":{"line":69,"column":41}},"70":{"start":{"line":71,"column":0},"end":{"line":71,"column":16}},"71":{"start":{"line":72,"column":0},"end":{"line":72,"column":11}},"73":{"start":{"line":74,"column":0},"end":{"line":74,"column":1}},"75":{"start":{"line":76,"column":0},"end":{"line":76,"column":18}}},"s":{"0":1,"1":1,"2":1,"3":1,"4":1,"5":1,"7":2,"22":2,"23":2,"25":2,"32":2,"33":2,"34":0,"35":2,"37":2,"38":2,"40":2,"41":2,"42":2,"43":2,"44":2,"45":2,"46":2,"47":2,"48":2,"49":2,"50":2,"51":2,"52":2,"53":2,"54":2,"55":2,"56":2,"57":2,"58":2,"59":2,"60":2,"61":2,"62":2,"63":2,"64":2,"65":2,"66":2,"67":2,"68":2,"70":2,"71":2,"73":2,"75":1},"branchMap":{"0":{"type":"branch","line":8,"loc":{"start":{"line":8,"column":0},"end":{"line":74,"column":1}},"locations":[{"start":{"line":8,"column":0},"end":{"line":74,"column":1}}]},"1":{"type":"branch","line":57,"loc":{"start":{"line":57,"column":17},"end":{"line":57,"column":80}},"locations":[{"start":{"line":57,"column":17},"end":{"line":57,"column":80}}]},"2":{"type":"branch","line":26,"loc":{"start":{"line":26,"column":14},"end":{"line":39,"column":7}},"locations":[{"start":{"line":26,"column":14},"end":{"line":39,"column":7}}]},"3":{"type":"branch","line":33,"loc":{"start":{"line":33,"column":26},"end":{"line":36,"column":9}},"locations":[{"start":{"line":33,"column":26},"end":{"line":36,"column":9}}]},"4":{"type":"branch","line":34,"loc":{"start":{"line":34,"column":52},"end":{"line":35,"column":29}},"locations":[{"start":{"line":34,"column":52},"end":{"line":35,"column":29}}]}},"b":{"0":[2],"1":[0],"2":[2],"3":[2],"4":[0]},"fnMap":{"0":{"name":"App","decl":{"start":{"line":8,"column":0},"end":{"line":74,"column":1}},"loc":{"start":{"line":8,"column":0},"end":{"line":74,"column":1}},"line":8},"1":{"name":"fetchData","decl":{"start":{"line":33,"column":26},"end":{"line":36,"column":9}},"loc":{"start":{"line":33,"column":26},"end":{"line":36,"column":9}},"line":33},"2":{"name":"onClick","decl":{"start":{"line":61,"column":29},"end":{"line":61,"column":66}},"loc":{"start":{"line":61,"column":29},"end":{"line":61,"column":66}},"line":61}},"f":{"0":2,"1":2,"2":0}}
,"/Users/tlamarche/repo-git/vite-app/src/main.tsx": {"path":"/Users/tlamarche/repo-git/vite-app/src/main.tsx","all":true,"statementMap":{"0":{"start":{"line":1,"column":0},"end":{"line":1,"column":37}},"2":{"start":{"line":3,"column":0},"end":{"line":3,"column":27}},"3":{"start":{"line":4,"column":0},"end":{"line":4,"column":20}},"4":{"start":{"line":5,"column":0},"end":{"line":5,"column":25}},"5":{"start":{"line":6,"column":0},"end":{"line":6,"column":39}},"13":{"start":{"line":14,"column":0},"end":{"line":14,"column":80}},"15":{"start":{"line":16,"column":0},"end":{"line":16,"column":32}},"16":{"start":{"line":17,"column":0},"end":{"line":17,"column":54}},"17":{"start":{"line":18,"column":0},"end":{"line":18,"column":14}},"18":{"start":{"line":19,"column":0},"end":{"line":19,"column":5}},"20":{"start":{"line":21,"column":0},"end":{"line":21,"column":54}},"24":{"start":{"line":25,"column":0},"end":{"line":25,"column":25}},"25":{"start":{"line":26,"column":0},"end":{"line":26,"column":1}},"26":{"start":{"line":27,"column":0},"end":{"line":27,"column":28}},"27":{"start":{"line":28,"column":0},"end":{"line":28,"column":16}},"28":{"start":{"line":29,"column":0},"end":{"line":29,"column":26}},"29":{"start":{"line":30,"column":0},"end":{"line":30,"column":19}},"30":{"start":{"line":31,"column":0},"end":{"line":31,"column":27}},"31":{"start":{"line":32,"column":0},"end":{"line":32,"column":5}},"32":{"start":{"line":33,"column":0},"end":{"line":33,"column":2}}},"s":{"0":0,"2":0,"3":0,"4":0,"5":0,"13":0,"15":0,"16":0,"17":0,"18":0,"20":0,"24":0,"25":0,"26":0,"27":0,"28":0,"29":0,"30":0,"31":0,"32":0},"branchMap":{"0":{"type":"branch","line":1,"loc":{"start":{"line":1,"column":0},"end":{"line":33,"column":-82}},"locations":[{"start":{"line":1,"column":0},"end":{"line":33,"column":-82}}]}},"b":{"0":[0]},"fnMap":{"0":{"name":"(empty-report)","decl":{"start":{"line":1,"column":0},"end":{"line":33,"column":-82}},"loc":{"start":{"line":1,"column":0},"end":{"line":33,"column":-82}},"line":1}},"f":{"0":0}}
,"/Users/tlamarche/repo-git/vite-app/src/components/ui/button.tsx": {"path":"/Users/tlamarche/repo-git/vite-app/src/components/ui/button.tsx","all":false,"statementMap":{"0":{"start":{"line":1,"column":0},"end":{"line":1,"column":30}},"6":{"start":{"line":7,"column":0},"end":{"line":7,"column":27}},"7":{"start":{"line":8,"column":0},"end":{"line":8,"column":234}},"8":{"start":{"line":9,"column":0},"end":{"line":9,"column":5}},"9":{"start":{"line":10,"column":0},"end":{"line":10,"column":19}},"10":{"start":{"line":11,"column":0},"end":{"line":11,"column":22}},"11":{"start":{"line":12,"column":0},"end":{"line":12,"column":24}},"12":{"start":{"line":13,"column":0},"end":{"line":13,"column":84}},"13":{"start":{"line":14,"column":0},"end":{"line":14,"column":28}},"14":{"start":{"line":15,"column":0},"end":{"line":15,"column":99}},"15":{"start":{"line":16,"column":0},"end":{"line":16,"column":24}},"16":{"start":{"line":17,"column":0},"end":{"line":17,"column":111}},"17":{"start":{"line":18,"column":0},"end":{"line":18,"column":26}},"18":{"start":{"line":19,"column":0},"end":{"line":19,"column":93}},"19":{"start":{"line":20,"column":0},"end":{"line":20,"column":70}},"20":{"start":{"line":21,"column":0},"end":{"line":21,"column":72}},"21":{"start":{"line":22,"column":0},"end":{"line":22,"column":14}},"22":{"start":{"line":23,"column":0},"end":{"line":23,"column":19}},"23":{"start":{"line":24,"column":0},"end":{"line":24,"column":41}},"24":{"start":{"line":25,"column":0},"end":{"line":25,"column":50}},"25":{"start":{"line":26,"column":0},"end":{"line":26,"column":43}},"26":{"start":{"line":27,"column":0},"end":{"line":27,"column":32}},"27":{"start":{"line":28,"column":0},"end":{"line":28,"column":14}},"28":{"start":{"line":29,"column":0},"end":{"line":29,"column":10}},"29":{"start":{"line":30,"column":0},"end":{"line":30,"column":26}},"30":{"start":{"line":31,"column":0},"end":{"line":31,"column":31}},"31":{"start":{"line":32,"column":0},"end":{"line":32,"column":28}},"32":{"start":{"line":33,"column":0},"end":{"line":33,"column":10}},"33":{"start":{"line":34,"column":0},"end":{"line":34,"column":5}},"34":{"start":{"line":35,"column":0},"end":{"line":35,"column":1}},"42":{"start":{"line":43,"column":0},"end":{"line":43,"column":64}},"43":{"start":{"line":44,"column":0},"end":{"line":44,"column":71}},"44":{"start":{"line":45,"column":0},"end":{"line":45,"column":46}},"45":{"start":{"line":46,"column":0},"end":{"line":46,"column":16}},"46":{"start":{"line":47,"column":0},"end":{"line":47,"column":17}},"47":{"start":{"line":48,"column":0},"end":{"line":48,"column":76}},"48":{"start":{"line":49,"column":0},"end":{"line":49,"column":25}},"49":{"start":{"line":50,"column":0},"end":{"line":50,"column":26}},"50":{"start":{"line":51,"column":0},"end":{"line":51,"column":14}},"52":{"start":{"line":53,"column":0},"end":{"line":53,"column":5}},"53":{"start":{"line":54,"column":0},"end":{"line":54,"column":1}},"54":{"start":{"line":55,"column":0},"end":{"line":55,"column":29}}},"s":{"0":1,"6":1,"7":1,"8":1,"9":1,"10":1,"11":1,"12":1,"13":1,"14":1,"15":1,"16":1,"17":1,"18":1,"19":1,"20":1,"21":1,"22":1,"23":1,"24":1,"25":1,"26":1,"27":1,"28":1,"29":1,"30":1,"31":1,"32":1,"33":1,"34":1,"42":1,"43":1,"44":2,"45":2,"46":2,"47":2,"48":2,"49":2,"50":2,"52":2,"53":1,"54":1},"branchMap":{"0":{"type":"branch","line":44,"loc":{"start":{"line":44,"column":4},"end":{"line":53,"column":5}},"locations":[{"start":{"line":44,"column":4},"end":{"line":53,"column":5}}]},"1":{"type":"branch","line":45,"loc":{"start":{"line":45,"column":21},"end":{"line":45,"column":38}},"locations":[{"start":{"line":45,"column":21},"end":{"line":45,"column":38}}]}},"b":{"0":[2],"1":[0]},"fnMap":{},"f":{}}
,"/Users/tlamarche/repo-git/vite-app/src/components/ui/card.tsx": {"path":"/Users/tlamarche/repo-git/vite-app/src/components/ui/card.tsx","all":false,"statementMap":{"0":{"start":{"line":1,"column":0},"end":{"line":1,"column":30}},"4":{"start":{"line":5,"column":0},"end":{"line":5,"column":30}},"7":{"start":{"line":8,"column":0},"end":{"line":8,"column":37}},"8":{"start":{"line":9,"column":0},"end":{"line":9,"column":8}},"9":{"start":{"line":10,"column":0},"end":{"line":10,"column":17}},"10":{"start":{"line":11,"column":0},"end":{"line":11,"column":22}},"11":{"start":{"line":12,"column":0},"end":{"line":12,"column":68}},"12":{"start":{"line":13,"column":0},"end":{"line":13,"column":21}},"13":{"start":{"line":14,"column":0},"end":{"line":14,"column":10}},"14":{"start":{"line":15,"column":0},"end":{"line":15,"column":18}},"15":{"start":{"line":16,"column":0},"end":{"line":16,"column":6}},"16":{"start":{"line":17,"column":0},"end":{"line":17,"column":2}},"17":{"start":{"line":18,"column":0},"end":{"line":18,"column":25}},"19":{"start":{"line":20,"column":0},"end":{"line":20,"column":36}},"22":{"start":{"line":23,"column":0},"end":{"line":23,"column":37}},"23":{"start":{"line":24,"column":0},"end":{"line":24,"column":8}},"24":{"start":{"line":25,"column":0},"end":{"line":25,"column":17}},"25":{"start":{"line":26,"column":0},"end":{"line":26,"column":66}},"26":{"start":{"line":27,"column":0},"end":{"line":27,"column":18}},"27":{"start":{"line":28,"column":0},"end":{"line":28,"column":6}},"28":{"start":{"line":29,"column":0},"end":{"line":29,"column":2}},"29":{"start":{"line":30,"column":0},"end":{"line":30,"column":37}},"31":{"start":{"line":32,"column":0},"end":{"line":32,"column":35}},"34":{"start":{"line":35,"column":0},"end":{"line":35,"column":37}},"35":{"start":{"line":36,"column":0},"end":{"line":36,"column":7}},"36":{"start":{"line":37,"column":0},"end":{"line":37,"column":17}},"37":{"start":{"line":38,"column":0},"end":{"line":38,"column":78}},"38":{"start":{"line":39,"column":0},"end":{"line":39,"column":18}},"39":{"start":{"line":40,"column":0},"end":{"line":40,"column":6}},"40":{"start":{"line":41,"column":0},"end":{"line":41,"column":2}},"41":{"start":{"line":42,"column":0},"end":{"line":42,"column":35}},"43":{"start":{"line":44,"column":0},"end":{"line":44,"column":41}},"46":{"start":{"line":47,"column":0},"end":{"line":47,"column":37}},"47":{"start":{"line":48,"column":0},"end":{"line":48,"column":6}},"48":{"start":{"line":49,"column":0},"end":{"line":49,"column":17}},"49":{"start":{"line":50,"column":0},"end":{"line":50,"column":66}},"50":{"start":{"line":51,"column":0},"end":{"line":51,"column":18}},"51":{"start":{"line":52,"column":0},"end":{"line":52,"column":6}},"52":{"start":{"line":53,"column":0},"end":{"line":53,"column":2}},"53":{"start":{"line":54,"column":0},"end":{"line":54,"column":47}},"55":{"start":{"line":56,"column":0},"end":{"line":56,"column":37}},"58":{"start":{"line":59,"column":0},"end":{"line":59,"column":37}},"59":{"start":{"line":60,"column":0},"end":{"line":60,"column":70}},"60":{"start":{"line":61,"column":0},"end":{"line":61,"column":2}},"61":{"start":{"line":62,"column":0},"end":{"line":62,"column":39}},"63":{"start":{"line":64,"column":0},"end":{"line":64,"column":36}},"66":{"start":{"line":67,"column":0},"end":{"line":67,"column":37}},"67":{"start":{"line":68,"column":0},"end":{"line":68,"column":8}},"68":{"start":{"line":69,"column":0},"end":{"line":69,"column":17}},"69":{"start":{"line":70,"column":0},"end":{"line":70,"column":63}},"70":{"start":{"line":71,"column":0},"end":{"line":71,"column":18}},"71":{"start":{"line":72,"column":0},"end":{"line":72,"column":6}},"72":{"start":{"line":73,"column":0},"end":{"line":73,"column":2}},"73":{"start":{"line":74,"column":0},"end":{"line":74,"column":37}}},"s":{"0":1,"4":1,"7":1,"8":2,"9":2,"10":2,"11":2,"12":2,"13":2,"14":2,"15":2,"16":2,"17":1,"19":1,"22":1,"23":0,"24":0,"25":0,"26":0,"27":0,"28":0,"29":1,"31":1,"34":1,"35":0,"36":0,"37":0,"38":0,"39":0,"40":0,"41":1,"43":1,"46":1,"47":0,"48":0,"49":0,"50":0,"51":0,"52":0,"53":1,"55":1,"58":1,"59":0,"60":1,"61":1,"63":1,"66":1,"67":0,"68":0,"69":0,"70":0,"71":0,"72":0,"73":1},"branchMap":{"0":{"type":"branch","line":8,"loc":{"start":{"line":8,"column":2},"end":{"line":17,"column":2}},"locations":[{"start":{"line":8,"column":2},"end":{"line":17,"column":2}}]}},"b":{"0":[2]},"fnMap":{},"f":{}}
,"/Users/tlamarche/repo-git/vite-app/src/utils/utils.test.ts": {"path":"/Users/tlamarche/repo-git/vite-app/src/utils/utils.test.ts","all":false,"statementMap":{"0":{"start":{"line":1,"column":0},"end":{"line":1,"column":50}},"1":{"start":{"line":2,"column":0},"end":{"line":2,"column":39}},"3":{"start":{"line":4,"column":0},"end":{"line":4,"column":32}},"4":{"start":{"line":5,"column":0},"end":{"line":5,"column":84}},"5":{"start":{"line":6,"column":0},"end":{"line":6,"column":47}},"6":{"start":{"line":7,"column":0},"end":{"line":7,"column":69}},"7":{"start":{"line":8,"column":0},"end":{"line":8,"column":60}},"8":{"start":{"line":9,"column":0},"end":{"line":9,"column":43}},"9":{"start":{"line":10,"column":0},"end":{"line":10,"column":48}},"10":{"start":{"line":11,"column":0},"end":{"line":11,"column":5}},"12":{"start":{"line":13,"column":0},"end":{"line":13,"column":83}},"13":{"start":{"line":14,"column":0},"end":{"line":14,"column":47}},"14":{"start":{"line":15,"column":0},"end":{"line":15,"column":77}},"15":{"start":{"line":16,"column":0},"end":{"line":16,"column":69}},"16":{"start":{"line":17,"column":0},"end":{"line":17,"column":60}},"17":{"start":{"line":18,"column":0},"end":{"line":18,"column":52}},"18":{"start":{"line":19,"column":0},"end":{"line":19,"column":48}},"19":{"start":{"line":20,"column":0},"end":{"line":20,"column":5}},"21":{"start":{"line":22,"column":0},"end":{"line":22,"column":68}},"22":{"start":{"line":23,"column":0},"end":{"line":23,"column":47}},"23":{"start":{"line":24,"column":0},"end":{"line":24,"column":60}},"24":{"start":{"line":25,"column":0},"end":{"line":25,"column":60}},"25":{"start":{"line":26,"column":0},"end":{"line":26,"column":70}},"26":{"start":{"line":27,"column":0},"end":{"line":27,"column":5}},"28":{"start":{"line":29,"column":0},"end":{"line":29,"column":73}},"29":{"start":{"line":30,"column":0},"end":{"line":30,"column":47}},"30":{"start":{"line":31,"column":0},"end":{"line":31,"column":84}},"31":{"start":{"line":32,"column":0},"end":{"line":32,"column":60}},"32":{"start":{"line":33,"column":0},"end":{"line":33,"column":73}},"33":{"start":{"line":34,"column":0},"end":{"line":34,"column":5}},"34":{"start":{"line":35,"column":0},"end":{"line":35,"column":3}}},"s":{"0":1,"1":1,"3":1,"4":1,"5":1,"6":1,"7":1,"8":1,"9":1,"10":1,"12":1,"13":1,"14":1,"15":1,"16":1,"17":1,"18":1,"19":1,"21":1,"22":1,"23":1,"24":1,"25":1,"26":1,"28":1,"29":1,"30":1,"31":1,"32":1,"33":1,"34":1},"branchMap":{"0":{"type":"branch","line":4,"loc":{"start":{"line":4,"column":25},"end":{"line":35,"column":3}},"locations":[{"start":{"line":4,"column":25},"end":{"line":35,"column":3}}]},"1":{"type":"branch","line":5,"loc":{"start":{"line":5,"column":71},"end":{"line":11,"column":3}},"locations":[{"start":{"line":5,"column":71},"end":{"line":11,"column":3}}]},"2":{"type":"branch","line":7,"loc":{"start":{"line":7,"column":39},"end":{"line":7,"column":67}},"locations":[{"start":{"line":7,"column":39},"end":{"line":7,"column":67}}]},"3":{"type":"branch","line":8,"loc":{"start":{"line":8,"column":27},"end":{"line":8,"column":58}},"locations":[{"start":{"line":8,"column":27},"end":{"line":8,"column":58}}]},"4":{"type":"branch","line":13,"loc":{"start":{"line":13,"column":70},"end":{"line":20,"column":3}},"locations":[{"start":{"line":13,"column":70},"end":{"line":20,"column":3}}]},"5":{"type":"branch","line":16,"loc":{"start":{"line":16,"column":39},"end":{"line":16,"column":67}},"locations":[{"start":{"line":16,"column":39},"end":{"line":16,"column":67}}]},"6":{"type":"branch","line":17,"loc":{"start":{"line":17,"column":27},"end":{"line":17,"column":58}},"locations":[{"start":{"line":17,"column":27},"end":{"line":17,"column":58}}]},"7":{"type":"branch","line":22,"loc":{"start":{"line":22,"column":55},"end":{"line":27,"column":3}},"locations":[{"start":{"line":22,"column":55},"end":{"line":27,"column":3}}]},"8":{"type":"branch","line":25,"loc":{"start":{"line":25,"column":27},"end":{"line":25,"column":58}},"locations":[{"start":{"line":25,"column":27},"end":{"line":25,"column":58}}]},"9":{"type":"branch","line":29,"loc":{"start":{"line":29,"column":60},"end":{"line":34,"column":3}},"locations":[{"start":{"line":29,"column":60},"end":{"line":34,"column":3}}]},"10":{"type":"branch","line":31,"loc":{"start":{"line":31,"column":39},"end":{"line":31,"column":82}},"locations":[{"start":{"line":31,"column":39},"end":{"line":31,"column":82}}]},"11":{"type":"branch","line":32,"loc":{"start":{"line":32,"column":27},"end":{"line":32,"column":58}},"locations":[{"start":{"line":32,"column":27},"end":{"line":32,"column":58}}]}},"b":{"0":[1],"1":[1],"2":[1],"3":[1],"4":[1],"5":[1],"6":[1],"7":[1],"8":[1],"9":[1],"10":[1],"11":[1]},"fnMap":{"0":{"name":"json","decl":{"start":{"line":7,"column":39},"end":{"line":7,"column":67}},"loc":{"start":{"line":7,"column":39},"end":{"line":7,"column":67}},"line":7},"1":{"name":"json","decl":{"start":{"line":16,"column":39},"end":{"line":16,"column":67}},"loc":{"start":{"line":16,"column":39},"end":{"line":16,"column":67}},"line":16},"2":{"name":"json","decl":{"start":{"line":31,"column":39},"end":{"line":31,"column":82}},"loc":{"start":{"line":31,"column":39},"end":{"line":31,"column":82}},"line":31}},"f":{"0":1,"1":1,"2":1}}
,"/Users/tlamarche/repo-git/vite-app/src/utils/utils.ts": {"path":"/Users/tlamarche/repo-git/vite-app/src/utils/utils.ts","all":false,"statementMap":{"0":{"start":{"line":1,"column":0},"end":{"line":1,"column":79}},"1":{"start":{"line":2,"column":0},"end":{"line":2,"column":46}},"2":{"start":{"line":3,"column":0},"end":{"line":3,"column":23}},"3":{"start":{"line":4,"column":0},"end":{"line":4,"column":44}},"4":{"start":{"line":5,"column":0},"end":{"line":5,"column":5}},"5":{"start":{"line":6,"column":0},"end":{"line":6,"column":26}},"6":{"start":{"line":7,"column":0},"end":{"line":7,"column":1}}},"s":{"0":6,"1":6,"2":4,"3":1,"4":1,"5":3,"6":3},"branchMap":{"0":{"type":"branch","line":1,"loc":{"start":{"line":1,"column":0},"end":{"line":7,"column":1}},"locations":[{"start":{"line":1,"column":0},"end":{"line":7,"column":1}}]},"1":{"type":"branch","line":2,"loc":{"start":{"line":2,"column":45},"end":{"line":7,"column":1}},"locations":[{"start":{"line":2,"column":45},"end":{"line":7,"column":1}}]},"2":{"type":"branch","line":3,"loc":{"start":{"line":3,"column":22},"end":{"line":5,"column":5}},"locations":[{"start":{"line":3,"column":22},"end":{"line":5,"column":5}}]},"3":{"type":"branch","line":5,"loc":{"start":{"line":5,"column":4},"end":{"line":7,"column":1}},"locations":[{"start":{"line":5,"column":4},"end":{"line":7,"column":1}}]}},"b":{"0":[6],"1":[4],"2":[1],"3":[3]},"fnMap":{"0":{"name":"fetchWrapper","decl":{"start":{"line":1,"column":0},"end":{"line":7,"column":1}},"loc":{"start":{"line":1,"column":0},"end":{"line":7,"column":1}},"line":1}},"f":{"0":6}}
}
